Ingested 30 entries from data/kb_source/diseases.csv
farm_kb_0 → Tomato – Early Blight
farm_kb_1 → Potato – Late Blight
farm_kb_2 → Rice – Leaf Blast
farm_kb_3 → Cotton – Leaf Curl Virus
farm_kb_4 → Maize – Turcicum Leaf Blight
farm_kb_5 → Mango – Powdery Mildew
farm_kb_6 → Banana – Bunchy Top Virus
farm_kb_7 → Wheat – Rust Disease
farm_kb_8 → Brinjal – Fruit and Shoot Borer
farm_kb_9 → Sugarcane – Red Rot
farm_kb_10 → Chilli – Anthracnose
farm_kb_11 → Groundnut – Tikka Disease
farm_kb_12 → Soybean – Yellow Mosaic Virus
farm_kb_13 → Pea – Downy Mildew
farm_kb_14 → Cabbage – Black Rot
farm_kb_15 → Cauliflower – Alternaria Leaf Spot
farm_kb_16 → Onion – Purple Blotch
farm_kb_17 → Garlic – White Rot
farm_kb_18 → Turmeric – Leaf Blotch
farm_kb_19 → Ginger – Bacterial Wilt
farm_kb_20 → Papaya – Ring Spot Virus
farm_kb_21 → Guava – Anthracnose
farm_kb_22 → Pomegranate – Bacterial Blight
farm_kb_23 → Orange – Canker
farm_kb_24 → Lemon – Greening Disease
farm_kb_25 → Apple – Scab
farm_kb_26 → Tea – Blister Blight
farm_kb_27 → Coffee – Leaf Rust
farm_kb_28 → Pigeon pea – Sterility Mosaic
farm_kb_29 → Sorghum – Grain Mold
